The system is: Windows - 10.0.19043 - AMD64
Compiling the C compiler identification source file "CMakeCCompilerId.c" succeeded.
Compiler: C:/Program Files (x86)/Microsoft Visual Studio/2019/Community/VC/Tools/MSVC/14.29.30037/bin/Hostx64/x64/cl.exe 
Build flags: 
Id flags:  

The output was:
0
Microsoft (R) C/C++ Optimizing Compiler Version 19.29.30037 for x64
Copyright (C) Microsoft Corporation.  All rights reserved.

CMakeCCompilerId.c
Microsoft (R) Incremental Linker Version 14.29.30037.0
Copyright (C) Microsoft Corporation.  All rights reserved.

/out:CMakeCCompilerId.exe 
CMakeCCompilerId.obj 


Compilation of the C compiler identification source "CMakeCCompilerId.c" produced "CMakeCCompilerId.exe"

Compilation of the C compiler identification source "CMakeCCompilerId.c" produced "CMakeCCompilerId.obj"

The C compiler identification is MSVC, found in "C:/Users/Allyn M Nelson/source/repos/llvm-project/openmp/out/build/x64-Debug/CMakeFiles/3.20.21032501-MSVC_2/CompilerIdC/CMakeCCompilerId.exe"

Compiling the CXX compiler identification source file "CMakeCXXCompilerId.cpp" succeeded.
Compiler: C:/Program Files (x86)/Microsoft Visual Studio/2019/Community/VC/Tools/MSVC/14.29.30037/bin/Hostx64/x64/cl.exe 
Build flags: 
Id flags:  

The output was:
0
Microsoft (R) C/C++ Optimizing Compiler Version 19.29.30037 for x64
Copyright (C) Microsoft Corporation.  All rights reserved.

CMakeCXXCompilerId.cpp
Microsoft (R) Incremental Linker Version 14.29.30037.0
Copyright (C) Microsoft Corporation.  All rights reserved.

/out:CMakeCXXCompilerId.exe 
CMakeCXXCompilerId.obj 


Compilation of the CXX compiler identification source "CMakeCXXCompilerId.cpp" produced "CMakeCXXCompilerId.exe"

Compilation of the CXX compiler identification source "CMakeCXXCompilerId.cpp" produced "CMakeCXXCompilerId.obj"

The CXX compiler identification is MSVC, found in "C:/Users/Allyn M Nelson/source/repos/llvm-project/openmp/out/build/x64-Debug/CMakeFiles/3.20.21032501-MSVC_2/CompilerIdCXX/CMakeCXXCompilerId.exe"

Detecting C compiler ABI info compiled with the following output:
Change Dir: C:/Users/Allyn M Nelson/source/repos/llvm-project/openmp/out/build/x64-Debug/CMakeFiles/CMakeTmp

Run Build Command(s):C:/Program Files (x86)/Microsoft Visual Studio/2019/Community/Common7/IDE/CommonExtensions/Microsoft/CMake/Ninja/ninja.exe cmTC_5bc88 && [1/2] Building C object CMakeFiles\cmTC_5bc88.dir\CMakeCCompilerABI.c.obj
[2/2] Linking C executable cmTC_5bc88.exe



Detecting CXX compiler ABI info compiled with the following output:
Change Dir: C:/Users/Allyn M Nelson/source/repos/llvm-project/openmp/out/build/x64-Debug/CMakeFiles/CMakeTmp

Run Build Command(s):C:/Program Files (x86)/Microsoft Visual Studio/2019/Community/Common7/IDE/CommonExtensions/Microsoft/CMake/Ninja/ninja.exe cmTC_80f89 && [1/2] Building CXX object CMakeFiles\cmTC_80f89.dir\CMakeCXXCompilerABI.cpp.obj
[2/2] Linking CXX executable cmTC_80f89.exe



Performing C++ SOURCE FILE Test OPENMP_HAVE_WALL_FLAG succeeded with the following output:
Change Dir: C:/Users/Allyn M Nelson/source/repos/llvm-project/openmp/out/build/x64-Debug/CMakeFiles/CMakeTmp

Run Build Command(s):C:/Program Files (x86)/Microsoft Visual Studio/2019/Community/Common7/IDE/CommonExtensions/Microsoft/CMake/Ninja/ninja.exe cmTC_7cdc5 && [1/2] Building CXX object CMakeFiles\cmTC_7cdc5.dir\src.cxx.obj
[2/2] Linking CXX executable cmTC_7cdc5.exe


Source file was:
int main() { return 0; }
Checking whether the ASM_MASM compiler is MSVC using "-?" matched "Microsoft":
Microsoft (R) Macro Assembler (x64) Version 14.29.30037.0
Copyright (C) Microsoft Corporation.  All rights reserved.

        ML64 [ /options ] filelist [ /link linkoptions ]

/Bl<linker> Use alternate linker          /Sf Generate first pass listing
/c Assemble without linking               /Sl<width> Set line width
/Cp Preserve case of user identifiers     /Sn Suppress symbol-table listing
/Cx Preserve case in publics, externs     /Sp<length> Set page length
/D<name>[=text] Define text macro         /Ss<string> Set subtitle
/EP Output preprocessed listing to stdout /St<string> Set title
/F <hex> Set stack size (bytes)           /Sx List false conditionals
/Fe<file> Name executable                 /Ta<file> Assemble non-.ASM file
/Fl[file] Generate listing                /w Same as /W0 /WX
/Fm[file] Generate map                    /WX Treat warnings as errors
/Fo<file> Name object file                /W<number> Set warning level
/Fr[file] Generate limited browser info   /X Ignore INCLUDE environment path
/FR[file] Generate full browser info      /Zd Add line number debug info
/I<name> Add include path                 /Zf Make all symbols public
/link <linker options and libraries>      /Zi Add symbolic debug info
/nologo Suppress copyright message        /Zp[n] Set structure alignment
/Sa Maximize source listing               /Zs Perform syntax check only
/ZH:SHA_256 Use SHA256 for checksum
    in debug info (experimental)
/Gy[-] separate functions for linker
/errorReport:<option> Deprecated. Report internal assembler errors to Microsoft
    none - do not send report
    prompt - prompt to immediately send report
    queue - at next admin logon, prompt to send report
    send - send report automatically
Performing C++ SOURCE FILE Test LIBOMP_HAVE_EHSC_FLAG succeeded with the following output:
Change Dir: C:/Users/Allyn M Nelson/source/repos/llvm-project/openmp/out/build/x64-Debug/CMakeFiles/CMakeTmp

Run Build Command(s):C:/Program Files (x86)/Microsoft Visual Studio/2019/Community/Common7/IDE/CommonExtensions/Microsoft/CMake/Ninja/ninja.exe cmTC_5a7f1 && [1/2] Building CXX object CMakeFiles\cmTC_5a7f1.dir\src.cxx.obj
[2/2] Linking CXX executable cmTC_5a7f1.exe


Source file was:
int main() { return 0; }
Performing C++ SOURCE FILE Test LIBOMP_HAVE_GS_FLAG succeeded with the following output:
Change Dir: C:/Users/Allyn M Nelson/source/repos/llvm-project/openmp/out/build/x64-Debug/CMakeFiles/CMakeTmp

Run Build Command(s):C:/Program Files (x86)/Microsoft Visual Studio/2019/Community/Common7/IDE/CommonExtensions/Microsoft/CMake/Ninja/ninja.exe cmTC_b8878 && [1/2] Building CXX object CMakeFiles\cmTC_b8878.dir\src.cxx.obj
[2/2] Linking CXX executable cmTC_b8878.exe


Source file was:
int main() { return 0; }
Performing C++ SOURCE FILE Test LIBOMP_HAVE_Oy__FLAG succeeded with the following output:
Change Dir: C:/Users/Allyn M Nelson/source/repos/llvm-project/openmp/out/build/x64-Debug/CMakeFiles/CMakeTmp

Run Build Command(s):C:/Program Files (x86)/Microsoft Visual Studio/2019/Community/Common7/IDE/CommonExtensions/Microsoft/CMake/Ninja/ninja.exe cmTC_adf2f && [1/2] Building CXX object CMakeFiles\cmTC_adf2f.dir\src.cxx.obj
[2/2] Linking CXX executable cmTC_adf2f.exe


Source file was:
int main() { return 0; }
Determining if the include file immintrin.h exists passed with the following output:
Change Dir: C:/Users/Allyn M Nelson/source/repos/llvm-project/openmp/out/build/x64-Debug/CMakeFiles/CMakeTmp

Run Build Command(s):C:/Program Files (x86)/Microsoft Visual Studio/2019/Community/Common7/IDE/CommonExtensions/Microsoft/CMake/Ninja/ninja.exe cmTC_77dc8 && [1/2] Building C object CMakeFiles\cmTC_77dc8.dir\CheckIncludeFile.c.obj
[2/2] Linking C executable cmTC_77dc8.exe



Performing C++ SOURCE FILE Test LIBOMP_HAVE_WAITPKG_INTRINSICS succeeded with the following output:
Change Dir: C:/Users/Allyn M Nelson/source/repos/llvm-project/openmp/out/build/x64-Debug/CMakeFiles/CMakeTmp

Run Build Command(s):C:/Program Files (x86)/Microsoft Visual Studio/2019/Community/Common7/IDE/CommonExtensions/Microsoft/CMake/Ninja/ninja.exe cmTC_acf10 && [1/2] Building CXX object CMakeFiles\cmTC_acf10.dir\src.cxx.obj
[2/2] Linking CXX executable cmTC_acf10.exe


Source file was:
// check for attribute and wait pkg intrinsics
      #ifdef IMMINTRIN_H
      #include <immintrin.h>
      #endif
      #ifdef INTRIN_H
      #include <intrin.h>
      #endif
      #ifdef ATTRIBUTE_WAITPKG
      __attribute__((target("waitpkg")))
      #endif
      static inline int __kmp_umwait(unsigned hint, unsigned long long counter) {
        return _umwait(hint, counter);
      }
      int main() { int a = __kmp_umwait(0, 1000); return a; }
Performing C++ SOURCE FILE Test LIBOMP_HAVE_RTM_INTRINSICS succeeded with the following output:
Change Dir: C:/Users/Allyn M Nelson/source/repos/llvm-project/openmp/out/build/x64-Debug/CMakeFiles/CMakeTmp

Run Build Command(s):C:/Program Files (x86)/Microsoft Visual Studio/2019/Community/Common7/IDE/CommonExtensions/Microsoft/CMake/Ninja/ninja.exe cmTC_ee7b9 && [1/2] Building CXX object CMakeFiles\cmTC_ee7b9.dir\src.cxx.obj
[2/2] Linking CXX executable cmTC_ee7b9.exe


Source file was:
// check for attribute rtm and rtm intrinsics
      #ifdef IMMINTRIN_H
      #include <immintrin.h>
      #endif
      #ifdef INTRIN_H
      #include <intrin.h>
      #endif
      #ifdef ATTRIBUTE_RTM
      __attribute__((target("rtm")))
      #endif
      static inline int __kmp_xbegin() {
        return _xbegin();
      }
      int main() { int a = __kmp_xbegin(); return a; }
